<?xml version="1.0" encoding="UTF-8"?>
<!-- Generated by org.testng.reporters.JUnitReportReporter -->
<testsuite name="com.qa.hs.tests.LoginTest" tests="1" time="43.708" ignored="0" failures="0" timestamp="26 Dec 2019 23:53:51 GMT" skipped="0" hostname="Narayan-PC" errors="0">
  <testcase name="loginTest" time="43.708" classname="com.qa.hs.tests.LoginTest"/>
</testsuite> <!-- com.qa.hs.tests.LoginTest -->
